Arguments: 
  /Users/johnz/n/bin/node /Users/johnz/.yarn/bin/yarn.js init

PATH: 
  /Users/johnz/.rvm/gems/ruby-2.7.2/bin:/Users/johnz/.rvm/gems/ruby-2.7.2@global/bin:/Users/johnz/.rvm/rubies/ruby-2.7.2/bin:/Users/johnz/.yarn/bin:/Users/johnz/.config/yarn/global/node_modules/.bin:/opt/homebrew/bin:/opt/homebrew/sbin:/usr/local/bin:/usr/bin:/bin:/usr/sbin:/sbin:/Applications/VMware Fusion.app/Contents/Public:/usr/local/go/bin:/Library/Apple/usr/bin:/Users/johnz/.cargo/bin:/Users/johnz/.antigen/bundles/robbyrussell/oh-my-zsh/lib:/Users/johnz/.antigen/bundles/romkatv/powerlevel10k:/Users/johnz/.antigen/bundles/robbyrussell/oh-my-zsh/plugins/git:/Users/johnz/.antigen/bundles/robbyrussell/oh-my-zsh/plugins/z:/Users/johnz/.antigen/bundles/robbyrussell/oh-my-zsh/plugins/autojump:/Users/johnz/.antigen/bundles/robbyrussell/oh-my-zsh/plugins/common-aliases:/Users/johnz/.antigen/bundles/robbyrussell/oh-my-zsh/plugins/extract:/Users/johnz/.antigen/bundles/robbyrussell/oh-my-zsh/plugins/command-not-found:/Users/johnz/.antigen/bundles/robbyrussell/oh-my-zsh/plugins/docker:/Users/johnz/.antigen/bundles/zsh-users/zsh-completions:/Users/johnz/.antigen/bundles/zsh-users/zsh-autosuggestions:/Users/johnz/.antigen/bundles/zsh-users/zsh-syntax-highlighting:/Users/johnz/n/bin:/Users/johnz/.rvm/bin:/Users/johnz/work/flutter/flutter/bin:/Users/johnz/Library/Python/3.9/bin

Yarn version: 
  1.22.19

Node version: 
  17.7.1

Platform: 
  darwin arm64

Trace: 
  Error: canceled
      at Interface.<anonymous> (/Users/johnz/.yarn/lib/cli.js:137150:13)
      at Interface.emit (node:events:527:28)
      at Interface.[_ttyWrite] [as _ttyWrite] (node:internal/readline/interface:1117:18)
      at ReadStream.onkeypress (node:internal/readline/interface:269:20)
      at ReadStream.emit (node:events:527:28)
      at emitKeys (node:internal/readline/utils:358:14)
      at emitKeys.next (<anonymous>)
      at ReadStream.onData (node:internal/readline/emitKeypressEvents:64:36)
      at ReadStream.emit (node:events:527:28)
      at addChunk (node:internal/streams/readable:324:12)

npm manifest: 
  No manifest

yarn manifest: 
  No manifest

Lockfile: 
  No lockfile
